<?xml version="1.0" encoding="UTF-8"?>
<!-- Generated by org.testng.reporters.JUnitXMLReporter -->
<testsuite ignored="0" hostname="DESKTOP-IMJUIIS" failures="0" tests="3" name="Default test" time="40.775" errors="0" timestamp="2024-09-02T18:22:34 IST">
  <testcase classname="jabaTests.Create_NewCampaign_Admin" name="login_Admin" time="4.719"/>
  <testcase classname="jabaTests.Create_NewCampaign_Admin" name="NewCampaign" time="16.566"/>
  <testcase classname="jabaTests.Create_NewCampaign_Admin" name="addCampAthlete" time="12.956"/>
</testsuite> <!-- Default test -->
